<?xml version="1.0" encoding="UTF-8"?>
<!-- Generated by org.testng.reporters.JUnitXMLReporter -->
<testsuite hostname="LAPTOP-N61OB3H5" ignored="0" name="Test" tests="6" failures="0" timestamp="2020-07-26T11:04:47 IST" time="0.046" errors="0">
  <testcase name="AppTest" time="0.0" classname="qaclickacademy.AppiumTest"/>
  <testcase name="MobileTest" time="0.0" classname="qaclickacademy.AppiumTest"/>
  <testcase name="Auto" time="0.0" classname="qaclickacademy.SeleniumTest"/>
  <testcase name="BrowserAutomation" time="0.0" classname="qaclickacademy.SeleniumTest"/>
  <testcase name="Api" time="0.0" classname="qaclickacademy.RestApiTest"/>
  <testcase name="Backend" time="0.0" classname="qaclickacademy.RestApiTest"/>
</testsuite> <!-- Test -->
