<?xml version="1.0" encoding="UTF-8"?>
<testng-results skipped="0" failed="0" ignored="0" total="6" passed="6">
  <reporter-output>
  </reporter-output>
  <suite name="Suite" duration-ms="46" started-at="2020-07-26T11:04:46 IST" finished-at="2020-07-26T11:04:47 IST">
    <groups>
    </groups>
    <test name="Test" duration-ms="46" started-at="2020-07-26T11:04:46 IST" finished-at="2020-07-26T11:04:47 IST">
      <class name="qaclickacademy.AppiumTest">
        <test-method status="PASS" signature="AppTest()[pri:0, instance:qaclickacademy.AppiumTest@5d76b067]" name="AppTest" duration-ms="0" started-at="2020-07-26T11:04:47 IST" finished-at="2020-07-26T11:04:47 IST">
          <reporter-output>
          </reporter-output>
        </test-method> <!-- AppTest -->
        <test-method status="PASS" signature="MobileTest()[pri:0, instance:qaclickacademy.AppiumTest@5d76b067]" name="MobileTest" duration-ms="0" started-at="2020-07-26T11:04:47 IST" finished-at="2020-07-26T11:04:47 IST">
          <reporter-output>
          </reporter-output>
        </test-method> <!-- MobileTest -->
      </class> <!-- qaclickacademy.AppiumTest -->
      <class name="qaclickacademy.RestApiTest">
        <test-method status="PASS" signature="Api()[pri:0, instance:qaclickacademy.RestApiTest@4f063c0a]" name="Api" duration-ms="0" started-at="2020-07-26T11:04:47 IST" finished-at="2020-07-26T11:04:47 IST">
          <reporter-output>
          </reporter-output>
        </test-method> <!-- Api -->
        <test-method status="PASS" signature="Backend()[pri:0, instance:qaclickacademy.RestApiTest@4f063c0a]" name="Backend" duration-ms="0" started-at="2020-07-26T11:04:47 IST" finished-at="2020-07-26T11:04:47 IST">
          <reporter-output>
          </reporter-output>
        </test-method> <!-- Backend -->
      </class> <!-- qaclickacademy.RestApiTest -->
      <class name="qaclickacademy.SeleniumTest">
        <test-method status="PASS" signature="Auto()[pri:0, instance:qaclickacademy.SeleniumTest@2a17b7b6]" name="Auto" duration-ms="0" started-at="2020-07-26T11:04:47 IST" finished-at="2020-07-26T11:04:47 IST">
          <reporter-output>
          </reporter-output>
        </test-method> <!-- Auto -->
        <test-method status="PASS" signature="BrowserAutomation()[pri:0, instance:qaclickacademy.SeleniumTest@2a17b7b6]" name="BrowserAutomation" duration-ms="0" started-at="2020-07-26T11:04:47 IST" finished-at="2020-07-26T11:04:47 IST">
          <reporter-output>
          </reporter-output>
        </test-method> <!-- BrowserAutomation -->
      </class> <!-- qaclickacademy.SeleniumTest -->
    </test> <!-- Test -->
  </suite> <!-- Suite -->
</testng-results>
